<?xml version="1.0" encoding="UTF-8"?>
<!-- Generated by org.testng.reporters.JUnitReportReporter -->
<testsuite hostname="ravi" name="___POM_Easycalculation.PomEasycalculation" tests="1" failures="0" timestamp="13 Apr 2022 11:01:54 GMT" time="8.602" errors="0">
  <testcase name="jspromptdemo" time="8.602" classname="___POM_Easycalculation.PomEasycalculation"/>
</testsuite> <!-- ___POM_Easycalculation.PomEasycalculation -->
